<?xml version="1.0" encoding="utf-8"?><testsuites name="pytest tests"><testsuite name="pytest" errors="0" failures="1" skipped="0" tests="15" time="5.883" timestamp="2026-06-14T18:31:09.946811+00:00" hostname="agent-env-b77b79b4-2fe7-4160-b006-2d72fe48a173"><testcase classname="backend.tests.test_iteration2_new_features.TestSanityOldFlows" name="test_health" time="0.127" /><testcase classname="backend.tests.test_iteration2_new_features.TestSanityOldFlows" name="test_admin_login_and_three_tags" time="0.408" /><testcase classname="backend.tests.test_iteration2_new_features.TestSanityOldFlows" name="test_public_finder_returns_200" time="0.142" /><testcase classname="backend.tests.test_iteration2_new_features.TestSanityOldFlows" name="test_emergency_block_on_medical_tag" time="0.139" /><testcase classname="backend.tests.test_iteration2_new_features.TestSanityOldFlows" name="test_inbox_works" time="0.052" /><testcase classname="backend.tests.test_iteration2_new_features.TestScanDedupe" name="test_repeat_scans_within_30s_increment_by_one" time="1.651"><failure message="AssertionError: Expected scan_count to increase by exactly 1 within 30s window, but increased by 5 (9 -&gt; 14). Dedupe logic appears to be missing from GET /api/public/tags/{slug}.&#10;assert 5 == 1">backend/tests/test_iteration2_new_features.py:103: in test_repeat_scans_within_30s_increment_by_one
    assert delta == 1, (
E   AssertionError: Expected scan_count to increase by exactly 1 within 30s window, but increased by 5 (9 -&gt; 14). Dedupe logic appears to be missing from GET /api/public/tags/{slug}.
E   assert 5 == 1</failure></testcase><testcase classname="backend.tests.test_iteration2_new_features.TestRightToBeForgotten" name="test_delete_without_body_returns_400" time="0.410" /><testcase classname="backend.tests.test_iteration2_new_features.TestRightToBeForgotten" name="test_delete_with_wrong_password_returns_400" time="0.643" /><testcase classname="backend.tests.test_iteration2_new_features.TestRightToBeForgotten" name="test_delete_with_correct_password_succeeds" time="0.667" /><testcase classname="backend.tests.test_iteration2_new_features.TestGoogleSessionAsync" name="test_invalid_session_returns_401" time="0.222" /><testcase classname="backend.tests.test_iteration2_new_features.TestGoogleSessionAsync" name="test_google_session_does_not_block_event_loop" time="0.171" /><testcase classname="backend.tests.test_iteration2_new_features.TestSponsor" name="test_stats_baseline" time="0.102" /><testcase classname="backend.tests.test_iteration2_new_features.TestSponsor" name="test_submit_creates_doc" time="0.375" /><testcase classname="backend.tests.test_iteration2_new_features.TestSponsor" name="test_honeypot_does_not_create_doc" time="0.326" /><testcase classname="backend.tests.test_iteration2_new_features.TestSponsor" name="test_validation_missing_fields" time="0.295" /></testsuite></testsuites>