<?xml version="1.0" encoding="utf-8"?><testsuites name="pytest tests"><testsuite name="pytest" errors="0" failures="0" skipped="0" tests="33" time="6.142" timestamp="2026-06-14T14:21:04.822026+00:00" hostname="agent-env-b77b79b4-2fe7-4160-b006-2d72fe48a173"><testcase classname="backend.tests.backend_test.TestHealth" name="test_root" time="0.099" /><testcase classname="backend.tests.backend_test.TestHealth" name="test_health" time="0.116" /><testcase classname="backend.tests.backend_test.TestHealth" name="test_features" time="0.106" /><testcase classname="backend.tests.backend_test.TestIntegrationPlaceholders" name="test_whatsapp_notify_not_configured" time="0.103" /><testcase classname="backend.tests.backend_test.TestIntegrationPlaceholders" name="test_twilio_connect_call_not_configured" time="0.111" /><testcase classname="backend.tests.backend_test.TestAuth" name="test_register_new_user_and_me" time="0.361" /><testcase classname="backend.tests.backend_test.TestAuth" name="test_register_duplicate_rejected" time="0.104" /><testcase classname="backend.tests.backend_test.TestAuth" name="test_admin_login_success" time="0.376" /><testcase classname="backend.tests.backend_test.TestAuth" name="test_login_invalid_password" time="0.317" /><testcase classname="backend.tests.backend_test.TestAuth" name="test_me_unauthenticated" time="0.089" /><testcase classname="backend.tests.backend_test.TestAuth" name="test_google_session_invalid" time="0.219" /><testcase classname="backend.tests.backend_test.TestAuth" name="test_google_session_missing_param" time="0.098" /><testcase classname="backend.tests.backend_test.TestAuth" name="test_logout_clears_cookies" time="0.399" /><testcase classname="backend.tests.backend_test.TestTagCRUD" name="test_list_admin_tags_has_three_seeded" time="0.047" /><testcase classname="backend.tests.backend_test.TestTagCRUD" name="test_create_update_get_delete_tag" time="0.289" /><testcase classname="backend.tests.backend_test.TestTagCRUD" name="test_qr_png" time="0.119" /><testcase classname="backend.tests.backend_test.TestPDFs" name="test_pdf_layouts[a4_stickers]" time="0.156" /><testcase classname="backend.tests.backend_test.TestPDFs" name="test_pdf_layouts[id_card]" time="0.123" /><testcase classname="backend.tests.backend_test.TestPDFs" name="test_pdf_layouts[keyring]" time="0.197" /><testcase classname="backend.tests.backend_test.TestPublicFinder" name="test_finder_vehicle" time="0.140" /><testcase classname="backend.tests.backend_test.TestPublicFinder" name="test_finder_medical_emergency_payload" time="0.149" /><testcase classname="backend.tests.backend_test.TestPublicFinder" name="test_finder_404" time="0.100" /><testcase classname="backend.tests.backend_test.TestPublicFinder" name="test_finder_records_scan_and_message_and_inbox" time="0.486" /><testcase classname="backend.tests.backend_test.TestPublicFinder" name="test_honeypot_blocks_silently" time="0.433" /><testcase classname="backend.tests.backend_test.TestPublicFinder" name="test_claim_unclaimed_tag" time="0.588" /><testcase classname="backend.tests.backend_test.TestDataIsolation" name="test_second_user_cannot_see_admin_tags" time="0.052" /><testcase classname="backend.tests.backend_test.TestDataIsolation" name="test_second_user_cannot_get_admin_tag" time="0.095" /><testcase classname="backend.tests.backend_test.TestDataIsolation" name="test_second_user_cannot_patch_admin_tag" time="0.092" /><testcase classname="backend.tests.backend_test.TestDataIsolation" name="test_second_user_cannot_delete_admin_tag" time="0.091" /><testcase classname="backend.tests.backend_test.TestSettings" name="test_patch_me_updates_display_name" time="0.139" /><testcase classname="backend.tests.backend_test.TestSettings" name="test_export" time="0.047" /><testcase classname="backend.tests.backend_test.TestPWA" name="test_manifest" time="0.137" /><testcase classname="backend.tests.backend_test.TestPWA" name="test_service_worker" time="0.093" /></testsuite></testsuites>